2025.03.25 00:25:46 INFO  es[][o.e.n.Node] version[7.17.8], pid[29012], build[default/tar/120eabe1c8a0cb2ae87cffc109a5b65d213e9df1/2022-12-02T17:33:09.727072865Z], OS[Linux/5.15.167.4-microsoft-standard-WSL2/amd64], JVM[Ubuntu/OpenJDK 64-Bit Server VM/17.0.14/17.0.14+7-Ubuntu-124.04]
2025.03.25 00:25:46 INFO  es[][o.e.n.Node] JVM home [/usr/lib/jvm/java-17-openjdk-amd64]
2025.03.25 00:25:46 INFO  es[][o.e.n.Node] JVM arguments [-XX:+UseG1GC, -Djava.io.tmpdir=/home/aml/CloudDevOpsProject/web-app/sonarqube-9.9.1.69595/temp, -XX:ErrorFile=/home/aml/CloudDevOpsProject/web-app/sonarqube-9.9.1.69595/logs/es_hs_err_pid%p.log, -Des.networkaddress.cache.ttl=60, -Des.networkaddress.cache.negative.ttl=10, -XX:+AlwaysPreTouch, -Xss1m, -Djava.awt.headless=true, -Dfile.encoding=UTF-8, -Djna.nosys=true, -Djna.tmpdir=/home/aml/CloudDevOpsProject/web-app/sonarqube-9.9.1.69595/temp, -XX:-OmitStackTraceInFastThrow, -Dio.netty.noUnsafe=true, -Dio.netty.noKeySetOptimization=true, -Dio.netty.recycler.maxCapacityPerThread=0, -Dio.netty.allocator.numDirectArenas=0, -Dlog4j.shutdownHookEnabled=false, -Dlog4j2.disable.jmx=true, -Dlog4j2.formatMsgNoLookups=true, -Djava.locale.providers=COMPAT, -Dcom.redhat.fips=false, -Xmx512m, -Xms512m, -XX:MaxDirectMemorySize=256m, -XX:+HeapDumpOnOutOfMemoryError, -Des.path.home=/home/aml/CloudDevOpsProject/web-app/sonarqube-9.9.1.69595/elasticsearch, -Des.path.conf=/home/aml/CloudDevOpsProject/web-app/sonarqube-9.9.1.69595/temp/conf/es, -Des.distribution.flavor=default, -Des.distribution.type=tar, -Des.bundled_jdk=false]
2025.03.25 00:25:51 INFO  es[][o.e.p.PluginsService] loaded module [analysis-common]
2025.03.25 00:25:51 INFO  es[][o.e.p.PluginsService] loaded module [lang-painless]
2025.03.25 00:25:51 INFO  es[][o.e.p.PluginsService] loaded module [parent-join]
2025.03.25 00:25:51 INFO  es[][o.e.p.PluginsService] loaded module [reindex]
2025.03.25 00:25:51 INFO  es[][o.e.p.PluginsService] loaded module [transport-netty4]
2025.03.25 00:25:51 INFO  es[][o.e.p.PluginsService] no plugins loaded
2025.03.25 00:25:51 INFO  es[][o.e.e.NodeEnvironment] using [1] data paths, mounts [[/ (/dev/sdc)]], net usable_space [936.2gb], net total_space [1006.8gb], types [ext4]
2025.03.25 00:25:51 INFO  es[][o.e.e.NodeEnvironment] heap size [512mb], compressed ordinary object pointers [true]
2025.03.25 00:25:52 INFO  es[][o.e.n.Node] node name [sonarqube], node ID [d1_qHQqzQky8_sR1OBi3Gw], cluster name [sonarqube], roles [data_frozen, master, remote_cluster_client, data, data_content, data_hot, data_warm, data_cold, ingest]
2025.03.25 00:26:46 INFO  es[][o.e.t.NettyAllocator] creating NettyAllocator with the following configs: [name=unpooled, suggested_max_allocation_size=256kb, factors={es.unsafe.use_unpooled_allocator=null, g1gc_enabled=true, g1gc_region_size=1mb, heap_size=512mb}]
2025.03.25 00:26:46 INFO  es[][o.e.i.r.RecoverySettings] using rate limit [40mb] with [default=40mb, read=0b, write=0b, max=0b]
2025.03.25 00:26:46 INFO  es[][o.e.d.DiscoveryModule] using discovery type [zen] and seed hosts providers [settings]
2025.03.25 00:26:52 INFO  es[][o.e.g.DanglingIndicesState] gateway.auto_import_dangling_indices is disabled, dangling indices will not be automatically detected or imported and must be managed manually
2025.03.25 00:27:01 INFO  es[][o.e.n.Node] initialized
2025.03.25 00:27:01 INFO  es[][o.e.n.Node] starting ...
2025.03.25 00:27:06 INFO  es[][o.e.t.TransportService] publish_address {127.0.0.1:43379}, bound_addresses {127.0.0.1:43379}
2025.03.25 00:27:07 INFO  es[][o.e.c.c.Coordinator] setting initial configuration to VotingConfiguration{d1_qHQqzQky8_sR1OBi3Gw}
2025.03.25 00:27:08 INFO  es[][o.e.c.s.MasterService] elected-as-master ([1] nodes joined)[{sonarqube}{d1_qHQqzQky8_sR1OBi3Gw}{35kQU7D9RsWc-pvJWvbkUQ}{127.0.0.1}{127.0.0.1:43379}{cdfhimrsw} elect leader, _BECOME_MASTER_TASK_, _FINISH_ELECTION_], term: 1, version: 1, delta: master node changed {previous [], current [{sonarqube}{d1_qHQqzQky8_sR1OBi3Gw}{35kQU7D9RsWc-pvJWvbkUQ}{127.0.0.1}{127.0.0.1:43379}{cdfhimrsw}]}
2025.03.25 00:27:09 INFO  es[][o.e.c.c.CoordinationState] cluster UUID set to [N2HYt_TzTee_CShUnbEvxA]
2025.03.25 00:27:10 INFO  es[][o.e.c.s.ClusterApplierService] master node changed {previous [], current [{sonarqube}{d1_qHQqzQky8_sR1OBi3Gw}{35kQU7D9RsWc-pvJWvbkUQ}{127.0.0.1}{127.0.0.1:43379}{cdfhimrsw}]}, term: 1, version: 1, reason: Publication{term=1, version=1}
2025.03.25 00:27:13 INFO  es[][o.e.h.AbstractHttpServerTransport] publish_address {127.0.0.1:9001}, bound_addresses {127.0.0.1:9001}
2025.03.25 00:27:13 INFO  es[][o.e.n.Node] started
2025.03.25 00:27:13 INFO  es[][o.e.g.GatewayService] recovered [0] indices into cluster_state
2025.03.25 00:31:39 INFO  es[][o.e.c.m.MetadataCreateIndexService] [metadatas] creating index, cause [api], templates [], shards [1]/[0]
2025.03.25 00:31:40 INFO  es[][o.e.c.r.a.AllocationService] Cluster health status changed from [YELLOW] to [GREEN] (reason: [shards started [[metadatas][0]]]).
2025.03.25 00:31:40 INFO  es[][o.e.c.m.MetadataMappingService] [metadatas/T2bCHGTpQhC5vkzKFchHWA] create_mapping [metadata]
2025.03.25 00:31:44 INFO  es[][o.e.c.m.MetadataCreateIndexService] [components] creating index, cause [api], templates [], shards [5]/[0]
2025.03.25 00:31:46 INFO  es[][o.e.c.r.a.AllocationService] Cluster health status changed from [YELLOW] to [GREEN] (reason: [shards started [[components][4]]]).
2025.03.25 00:31:46 INFO  es[][o.e.c.m.MetadataMappingService] [components/wAo_9C90Q1ml3TKPkX874Q] create_mapping [auth]
2025.03.25 00:31:46 INFO  es[][o.e.c.m.MetadataCreateIndexService] [projectmeasures] creating index, cause [api], templates [], shards [5]/[0]
2025.03.25 00:31:47 INFO  es[][o.e.c.r.a.AllocationService] Cluster health status changed from [YELLOW] to [GREEN] (reason: [shards started [[projectmeasures][4]]]).
2025.03.25 00:31:47 INFO  es[][o.e.c.m.MetadataMappingService] [projectmeasures/V1bIlWqLSTmJxHGGeDdCSw] create_mapping [auth]
2025.03.25 00:31:48 INFO  es[][o.e.c.m.MetadataCreateIndexService] [rules] creating index, cause [api], templates [], shards [2]/[0]
2025.03.25 00:31:48 INFO  es[][o.e.c.r.a.AllocationService] Cluster health status changed from [YELLOW] to [GREEN] (reason: [shards started [[rules][1]]]).
2025.03.25 00:31:48 INFO  es[][o.e.c.m.MetadataMappingService] [rules/E96WuZuYTICVXYoimcsAaw] create_mapping [rule]
2025.03.25 00:31:49 INFO  es[][o.e.c.m.MetadataCreateIndexService] [issues] creating index, cause [api], templates [], shards [5]/[0]
2025.03.25 00:31:50 INFO  es[][o.e.c.r.a.AllocationService] Cluster health status changed from [YELLOW] to [GREEN] (reason: [shards started [[issues][4]]]).
2025.03.25 00:31:50 INFO  es[][o.e.c.m.MetadataMappingService] [issues/jN8ZeL39SXShifsbDmTY5A] create_mapping [auth]
2025.03.25 00:31:50 INFO  es[][o.e.c.m.MetadataCreateIndexService] [users] creating index, cause [api], templates [], shards [1]/[0]
2025.03.25 00:31:51 INFO  es[][o.e.c.r.a.AllocationService] Cluster health status changed from [YELLOW] to [GREEN] (reason: [shards started [[users][0]]]).
2025.03.25 00:31:51 INFO  es[][o.e.c.m.MetadataMappingService] [users/1b6Sn0l4Q8yFb9Y42Z2g_g] create_mapping [user]
2025.03.25 00:31:51 INFO  es[][o.e.c.m.MetadataCreateIndexService] [views] creating index, cause [api], templates [], shards [5]/[0]
2025.03.25 00:31:52 INFO  es[][o.e.c.r.a.AllocationService] Cluster health status changed from [YELLOW] to [GREEN] (reason: [shards started [[views][4]]]).
2025.03.25 00:31:52 INFO  es[][o.e.c.m.MetadataMappingService] [views/IpCQamSFTDiBuMdVO3561A] create_mapping [view]
2025.03.25 00:33:28 INFO  es[][o.e.c.s.IndexScopedSettings] updating [index.refresh_interval] from [30s] to [-1]
2025.03.25 00:33:28 INFO  es[][o.e.c.s.IndexScopedSettings] updating [index.refresh_interval] from [30s] to [-1]
2025.03.25 00:33:28 INFO  es[][o.e.c.s.IndexScopedSettings] updating [index.refresh_interval] from [-1] to [30s]
2025.03.25 00:33:29 INFO  es[][o.e.c.s.IndexScopedSettings] updating [index.refresh_interval] from [-1] to [30s]
2025.03.25 00:33:29 INFO  es[][o.e.c.s.IndexScopedSettings] updating [index.refresh_interval] from [30s] to [-1]
2025.03.25 00:33:29 INFO  es[][o.e.c.s.IndexScopedSettings] updating [index.refresh_interval] from [30s] to [-1]
2025.03.25 00:33:29 INFO  es[][o.e.c.s.IndexScopedSettings] updating [index.refresh_interval] from [-1] to [30s]
2025.03.25 00:33:29 INFO  es[][o.e.c.s.IndexScopedSettings] updating [index.refresh_interval] from [-1] to [30s]
2025.03.25 00:34:35 WARN  es[][o.e.t.ThreadPool] timer thread slept for [27.4s/27418ms] on absolute clock which is above the warn threshold of [5000ms]
2025.03.25 00:34:35 WARN  es[][o.e.t.ThreadPool] timer thread slept for [25.9s/25949475325ns] on relative clock which is above the warn threshold of [5000ms]
2025.03.25 00:35:28 WARN  es[][o.e.t.ThreadPool] timer thread slept for [21.2s/21213ms] on absolute clock which is above the warn threshold of [5000ms]
2025.03.25 00:35:28 WARN  es[][o.e.t.ThreadPool] timer thread slept for [19.9s/19972006851ns] on relative clock which is above the warn threshold of [5000ms]
2025.03.25 00:44:20 WARN  es[][o.e.m.j.JvmGcMonitorService] [gc][young][941][10] duration [1.4s], collections [1]/[1s], total [1.4s]/[1.9s], memory [382.4mb]->[382.4mb]/[512mb], all_pools {[young] [289mb]->[0b]/[0b]}{[old] [77.4mb]->[77.4mb]/[512mb]}{[survivor] [16mb]->[16.2mb]/[0b]}
2025.03.25 00:44:20 WARN  es[][o.e.m.j.JvmGcMonitorService] [gc][941] overhead, spent [1.4s] collecting in the last [1s]
2025.03.25 01:16:07 WARN  es[][o.e.m.j.JvmGcMonitorService] [gc][young][2745][13] duration [12.9s], collections [1]/[13.6s], total [12.9s]/[15s], memory [275.4mb]->[94.4mb]/[512mb], all_pools {[young] [183mb]->[0b]/[0b]}{[old] [90.6mb]->[90.6mb]/[512mb]}{[survivor] [1.8mb]->[3.8mb]/[0b]}
2025.03.25 01:16:07 WARN  es[][o.e.t.ThreadPool] timer thread slept for [13.1s/13154ms] on absolute clock which is above the warn threshold of [5000ms]
2025.03.25 01:16:09 WARN  es[][o.e.m.j.JvmGcMonitorService] [gc][2745] overhead, spent [12.9s] collecting in the last [13.6s]
2025.03.25 01:16:09 WARN  es[][o.e.t.ThreadPool] timer thread slept for [13.1s/13154198012ns] on relative clock which is above the warn threshold of [5000ms]
2025.03.25 01:16:09 WARN  es[][o.e.t.ThreadPool] timer thread slept for [5.3s/5300ms] on absolute clock which is above the warn threshold of [5000ms]
2025.03.25 01:16:09 WARN  es[][o.e.t.ThreadPool] timer thread slept for [5.3s/5300232968ns] on relative clock which is above the warn threshold of [5000ms]
2025.03.25 01:20:23 WARN  es[][o.e.t.ThreadPool] timer thread slept for [5.8s/5838ms] on absolute clock which is above the warn threshold of [5000ms]
2025.03.25 01:20:23 WARN  es[][o.e.m.j.JvmGcMonitorService] [gc][young][2975][14] duration [3.9s], collections [1]/[1s], total [3.9s]/[18.9s], memory [113.4mb]->[113.4mb]/[512mb], all_pools {[young] [19mb]->[19mb]/[0b]}{[old] [90.6mb]->[90.6mb]/[512mb]}{[survivor] [3.8mb]->[3.8mb]/[0b]}
2025.03.25 01:20:23 WARN  es[][o.e.m.j.JvmGcMonitorService] [gc][2975] overhead, spent [3.9s] collecting in the last [1s]
