2025.03.25 00:23:51 INFO  app[][o.s.a.AppFileSystem] Cleaning or creating temp directory /home/aml/CloudDevOpsProject/web-app/sonarqube-9.9.1.69595/temp
2025.03.25 00:23:52 INFO  app[][o.s.a.es.EsSettings] Elasticsearch listening on [HTTP: 127.0.0.1:9001, TCP: 127.0.0.1:43379]
2025.03.25 00:23:53 INFO  app[][o.s.a.ProcessLauncherImpl] Launch process[ELASTICSEARCH] from [/home/aml/CloudDevOpsProject/web-app/sonarqube-9.9.1.69595/elasticsearch]: /home/aml/CloudDevOpsProject/web-app/sonarqube-9.9.1.69595/elasticsearch/bin/elasticsearch
2025.03.25 00:23:54 INFO  app[][o.s.a.SchedulerImpl] Waiting for Elasticsearch to be up and running
2025.03.25 00:27:16 INFO  app[][o.s.a.SchedulerImpl] Process[es] is up
2025.03.25 00:27:17 INFO  app[][o.s.a.ProcessLauncherImpl] Launch process[WEB_SERVER] from [/home/aml/CloudDevOpsProject/web-app/sonarqube-9.9.1.69595]: /usr/lib/jvm/java-17-openjdk-amd64/bin/java -Djava.awt.headless=true -Dfile.encoding=UTF-8 -Djava.io.tmpdir=/home/aml/CloudDevOpsProject/web-app/sonarqube-9.9.1.69595/temp -XX:-OmitStackTraceInFastThrow --add-opens=java.base/java.util=ALL-UNNAMED --add-opens=java.base/java.lang=ALL-UNNAMED --add-opens=java.base/java.io=ALL-UNNAMED --add-opens=java.rmi/sun.rmi.transport=ALL-UNNAMED --add-exports=java.base/jdk.internal.ref=ALL-UNNAMED --add-opens=java.base/java.nio=ALL-UNNAMED --add-opens=java.base/sun.nio.ch=ALL-UNNAMED --add-opens=java.management/sun.management=ALL-UNNAMED --add-opens=jdk.management/com.sun.management.internal=ALL-UNNAMED -Dcom.redhat.fips=false -Xmx512m -Xms128m -XX:+HeapDumpOnOutOfMemoryError -Dhttp.nonProxyHosts=localhost|127.*|[::1] -cp ./lib/sonar-application-9.9.1.69595.jar:/home/aml/CloudDevOpsProject/web-app/sonarqube-9.9.1.69595/lib/jdbc/h2/h2-2.1.214.jar org.sonar.server.app.WebServer /home/aml/CloudDevOpsProject/web-app/sonarqube-9.9.1.69595/temp/sq-process13258664727727623754properties
WARNING: A terminally deprecated method in java.lang.System has been called
WARNING: System::setSecurityManager has been called by org.sonar.process.PluginSecurityManager (file:/home/aml/CloudDevOpsProject/web-app/sonarqube-9.9.1.69595/lib/sonar-application-9.9.1.69595.jar)
WARNING: Please consider reporting this to the maintainers of org.sonar.process.PluginSecurityManager
WARNING: System::setSecurityManager will be removed in a future release
2025.03.25 00:33:30 INFO  app[][o.s.a.SchedulerImpl] Process[web] is up
2025.03.25 00:33:30 INFO  app[][o.s.a.ProcessLauncherImpl] Launch process[COMPUTE_ENGINE] from [/home/aml/CloudDevOpsProject/web-app/sonarqube-9.9.1.69595]: /usr/lib/jvm/java-17-openjdk-amd64/bin/java -Djava.awt.headless=true -Dfile.encoding=UTF-8 -Djava.io.tmpdir=/home/aml/CloudDevOpsProject/web-app/sonarqube-9.9.1.69595/temp -XX:-OmitStackTraceInFastThrow --add-opens=java.base/java.util=ALL-UNNAMED --add-exports=java.base/jdk.internal.ref=ALL-UNNAMED --add-opens=java.base/java.lang=ALL-UNNAMED --add-opens=java.base/java.nio=ALL-UNNAMED --add-opens=java.base/sun.nio.ch=ALL-UNNAMED --add-opens=java.management/sun.management=ALL-UNNAMED --add-opens=jdk.management/com.sun.management.internal=ALL-UNNAMED -Dcom.redhat.fips=false -Xmx512m -Xms128m -XX:+HeapDumpOnOutOfMemoryError -Dhttp.nonProxyHosts=localhost|127.*|[::1] -cp ./lib/sonar-application-9.9.1.69595.jar:/home/aml/CloudDevOpsProject/web-app/sonarqube-9.9.1.69595/lib/jdbc/h2/h2-2.1.214.jar org.sonar.ce.app.CeServer /home/aml/CloudDevOpsProject/web-app/sonarqube-9.9.1.69595/temp/sq-process1194069403722093158properties
2025.03.25 00:33:30 WARN  app[][startup] ####################################################################################################################
2025.03.25 00:33:30 WARN  app[][startup] Default Administrator credentials are still being used. Make sure to change the password or deactivate the account.
2025.03.25 00:33:30 WARN  app[][startup] ####################################################################################################################
WARNING: A terminally deprecated method in java.lang.System has been called
WARNING: System::setSecurityManager has been called by org.sonar.process.PluginSecurityManager (file:/home/aml/CloudDevOpsProject/web-app/sonarqube-9.9.1.69595/lib/sonar-application-9.9.1.69595.jar)
WARNING: Please consider reporting this to the maintainers of org.sonar.process.PluginSecurityManager
WARNING: System::setSecurityManager will be removed in a future release
2025.03.25 00:35:41 INFO  app[][o.s.a.SchedulerImpl] Process[ce] is up
2025.03.25 00:35:41 INFO  app[][o.s.a.SchedulerImpl] SonarQube is operational
